1770371874490	geckodriver	INFO	Listening on 127.0.0.1:64246
1770371877586	mozrunner::runner	INFO	Running command: "C:\\Program Files\\Mozilla Firefox\\firefox.exe" "--marionette" "--remote-debugging-port" "64247" "--remote-allow-hosts" "localhost" "-no-remote" "-profile" "C:\\Users\\SZABOI~1\\AppData\\Local\\Temp\\rust_mozprofileCOUVp0"
console.warn: services.settings: Ignoring preference override of remote settings server
console.warn: services.settings: Allow by setting MOZ_REMOTE_SETTINGS_DEVTOOLS=1 in the environment
Dynamically enable window occlusion 0
1770371877806	Marionette	INFO	Marionette enabled
1770371877874	Marionette	INFO	Listening on port 64257
WebDriver BiDi listening on ws://127.0.0.1:64247
Read port: 64257
1770371877963	RemoteAgent	WARN	TLS certificate errors will be ignored for this session
console.warn: LoginRecipes: "Falling back to a synchronous message for: https://www.saucedemo.com."
console.warn: LoginRecipes: "Falling back to a synchronous message for: https://www.saucedemo.com."
JavaScript warning: https://www.saucedemo.com/static/js/main.bcf4bc5f.js, line 2: Script terminated by timeout at:
get@https://www.saucedemo.com/static/js/main.bcf4bc5f.js:2:507285
89083/r/936/t/7429/value/<@https://www.saucedemo.com/static/js/main.bcf4bc5f.js:2:440891

JavaScript error: resource:///modules/sessionstore/SessionStore.sys.mjs, line 2866: NotFoundError: No such JSProcessActor 'DevToolsProcess'
JavaScript error: resource:///modules/sessionstore/SessionStore.sys.mjs, line 2866: NotFoundError: No such JSProcessActor 'DevToolsProcess'
JavaScript error: resource:///modules/sessionstore/SessionStore.sys.mjs, line 2866: NotFoundError: No such JSProcessActor 'DevToolsProcess'
1770371895081	Marionette	INFO	Stopped listening on port 64257
Dynamically enable window occlusion 1
console.warn: TopSitesFeed: Failed to fetch data from MARS server: NetworkError when attempting to fetch resource.
console.error: "Error in worker resource://devtools/client/shared/source-map-loader/worker.js" ": "
