1770372038479	geckodriver	INFO	Listening on 127.0.0.1:64420
1770372041573	mozrunner::runner	INFO	Running command: "C:\\Program Files\\Mozilla Firefox\\firefox.exe" "--marionette" "--remote-debugging-port" "64421" "--remote-allow-hosts" "localhost" "-no-remote" "-profile" "C:\\Users\\SZABOI~1\\AppData\\Local\\Temp\\rust_mozprofileCANkGt"
console.warn: services.settings: Ignoring preference override of remote settings server
console.warn: services.settings: Allow by setting MOZ_REMOTE_SETTINGS_DEVTOOLS=1 in the environment
Dynamically enable window occlusion 0
1770372041800	Marionette	INFO	Marionette enabled
1770372041867	Marionette	INFO	Listening on port 64428
WebDriver BiDi listening on ws://127.0.0.1:64421
Read port: 64428
1770372041957	RemoteAgent	WARN	TLS certificate errors will be ignored for this session
console.warn: LoginRecipes: "Falling back to a synchronous message for: https://www.saucedemo.com."
console.warn: LoginRecipes: "Falling back to a synchronous message for: https://www.saucedemo.com."
JavaScript warning: https://www.saucedemo.com/static/js/main.bcf4bc5f.js, line 2: Script terminated by timeout at:
value@https://www.saucedemo.com/static/js/main.bcf4bc5f.js:2:488276
value@https://www.saucedemo.com/static/js/main.bcf4bc5f.js:2:487715
value@https://www.saucedemo.com/static/js/main.bcf4bc5f.js:2:509574
value@https://www.saucedemo.com/static/js/main.bcf4bc5f.js:2:505799
89083/r/936/t/7429/value/<@https://www.saucedemo.com/static/js/main.bcf4bc5f.js:2:440840

1770372047713	Marionette	INFO	Stopped listening on port 64428
Dynamically enable window occlusion 1
console.warn: TopSitesFeed: Failed to fetch data from MARS server: NetworkError when attempting to fetch resource.
